18:01:58 [main] INFO  stepDefinitions.DemoBlazeStepDefinitions - Class: stepDefinitions.DemoBlazeStepDefinitions
Test Method: getURL
Message: Webpage Opened: https://www.demoblaze.com/
18:01:58 [main] INFO  stepDefinitions.DemoBlazeStepDefinitions - Class: stepDefinitions.DemoBlazeStepDefinitions
Test Method: login
Message: Successfully clicked the login button
18:01:59 [main] INFO  stepDefinitions.DemoBlazeStepDefinitions - Class: stepDefinitions.DemoBlazeStepDefinitions
Test Method: enterLoginDetails
Message: Successfully entered login details
18:02:01 [main] INFO  stepDefinitions.DemoBlazeStepDefinitions - Class: stepDefinitions.DemoBlazeStepDefinitions
Test Method: loginSuccess
Message: Successfully Login in
11:04:52 [main] INFO  stepDefinitions.DemoBlazeStepDefinitions - Class: stepDefinitions.DemoBlazeStepDefinitions
Test Method: getURL
Message: Webpage Opened: https://www.demoblaze.com/
11:04:52 [main] INFO  stepDefinitions.DemoBlazeStepDefinitions - Class: stepDefinitions.DemoBlazeStepDefinitions
Test Method: login
Message: Successfully clicked the login button
11:04:52 [main] INFO  stepDefinitions.DemoBlazeStepDefinitions - Class: stepDefinitions.DemoBlazeStepDefinitions
Test Method: enterLoginDetails
Message: Successfully entered login details
11:04:55 [main] INFO  stepDefinitions.DemoBlazeStepDefinitions - Class: stepDefinitions.DemoBlazeStepDefinitions
Test Method: loginSuccess
Message: Successfully Login in
2025-02-01-11-07-07 [main] INFO  stepDefinitions.DemoBlazeStepDefinitions - Class: stepDefinitions.DemoBlazeStepDefinitions
Test Method: getURL
Message: Webpage Opened: https://www.demoblaze.com/
2025-02-01-11-07-07 [main] INFO  stepDefinitions.DemoBlazeStepDefinitions - Class: stepDefinitions.DemoBlazeStepDefinitions
Test Method: login
Message: Successfully clicked the login button
2025-02-01-11-07-07 [main] INFO  stepDefinitions.DemoBlazeStepDefinitions - Class: stepDefinitions.DemoBlazeStepDefinitions
Test Method: enterLoginDetails
Message: Successfully entered login details
2025-02-01-11-07-10 [main] INFO  stepDefinitions.DemoBlazeStepDefinitions - Class: stepDefinitions.DemoBlazeStepDefinitions
Test Method: loginSuccess
Message: Successfully Login in
2025-02-01-11:09-07 [main] INFO  stepDefinitions.DemoBlazeStepDefinitions - Class: stepDefinitions.DemoBlazeStepDefinitions
Test Method: isOnProductsDetails
Message: Webpage Opened: https://www.demoblaze.com/
2025-02-01-11:09-07 [main] INFO  stepDefinitions.DemoBlazeStepDefinitions - Class: stepDefinitions.DemoBlazeStepDefinitions
Test Method: login
Message: Successfully clicked the login button
2025-02-01-11:09-08 [main] INFO  stepDefinitions.DemoBlazeStepDefinitions - Class: stepDefinitions.DemoBlazeStepDefinitions
Test Method: enterLoginDetails
Message: Successfully entered login details
2025-02-01-11:09-10 [main] INFO  stepDefinitions.DemoBlazeStepDefinitions - Class: stepDefinitions.DemoBlazeStepDefinitions
Test Method: loginSuccess
Message: Successfully Login in
